<?xml version="1.0" encoding="UTF-8"?>
<testsuite xmlns:xsi="http://www.w3.org/2001/XMLSchema-instance" xsi:noNamespaceSchemaLocation="https://maven.apache.org/surefire/maven-surefire-plugin/xsd/surefire-test-report.xsd" name="com.example.douban_game.DoubanGameApplicationTests" time="4.533" tests="1" errors="0" skipped="0" failures="0">
  <properties>
    <property name="sun.desktop" value="windows"/>
    <property name="awt.toolkit" value="sun.awt.windows.WToolkit"/>
    <property name="file.encoding.pkg" value="sun.io"/>
    <property name="java.specification.version" value="1.8"/>
    <property name="sun.cpu.isalist" value="amd64"/>
    <property name="sun.jnu.encoding" value="GBK"/>
    <property name="java.class.path" value="D:\Competition\douban_game\target\test-classes;D:\Competition\douban_game\target\classes;C:\Users\程小睿\.m2\repository\io\gitee\ForteScarlet\mock.java\1.5.2\mock.java-1.5.2.jar;C:\Users\程小睿\.m2\repository\commons-beanutils\commons-beanutils\1.9.3\commons-beanutils-1.9.3.jar;C:\Users\程小睿\.m2\repository\commons-io\commons-io\1.3.2\commons-io-1.3.2.jar;C:\Users\程小睿\.m2\repository\com\jcraft\jsch\0.1.55\jsch-0.1.55.jar;C:\Users\程小睿\.m2\repository\org\springframework\boot\spring-boot-starter-thymeleaf\2.7.3\spring-boot-starter-thymeleaf-2.7.3.jar;C:\Users\程小睿\.m2\repository\org\springframework\boot\spring-boot-starter\2.7.3\spring-boot-starter-2.7.3.jar;C:\Users\程小睿\.m2\repository\org\springframework\boot\spring-boot\2.7.3\spring-boot-2.7.3.jar;C:\Users\程小睿\.m2\repository\org\springframework\boot\spring-boot-autoconfigure\2.7.3\spring-boot-autoconfigure-2.7.3.jar;C:\Users\程小睿\.m2\repository\org\springframework\boot\spring-boot-starter-logging\2.7.3\spring-boot-starter-logging-2.7.3.jar;C:\Users\程小睿\.m2\repository\ch\qos\logback\logback-classic\1.2.11\logback-classic-1.2.11.jar;C:\Users\程小睿\.m2\repository\ch\qos\logback\logback-core\1.2.11\logback-core-1.2.11.jar;C:\Users\程小睿\.m2\repository\org\apache\logging\log4j\log4j-to-slf4j\2.17.2\log4j-to-slf4j-2.17.2.jar;C:\Users\程小睿\.m2\repository\org\apache\logging\log4j\log4j-api\2.17.2\log4j-api-2.17.2.jar;C:\Users\程小睿\.m2\repository\org\yaml\snakeyaml\1.30\snakeyaml-1.30.jar;C:\Users\程小睿\.m2\repository\org\thymeleaf\thymeleaf-spring5\3.0.15.RELEASE\thymeleaf-spring5-3.0.15.RELEASE.jar;C:\Users\程小睿\.m2\repository\org\thymeleaf\thymeleaf\3.0.15.RELEASE\thymeleaf-3.0.15.RELEASE.jar;C:\Users\程小睿\.m2\repository\org\attoparser\attoparser\2.0.5.RELEASE\attoparser-2.0.5.RELEASE.jar;C:\Users\程小睿\.m2\repository\org\unbescape\unbescape\1.1.6.RELEASE\unbescape-1.1.6.RELEASE.jar;C:\Users\程小睿\.m2\repository\org\thymeleaf\extras\thymeleaf-extras-java8time\3.0.4.RELEASE\thymeleaf-extras-java8time-3.0.4.RELEASE.jar;C:\Users\程小睿\.m2\repository\org\springframework\boot\spring-boot-starter-web\2.7.3\spring-boot-starter-web-2.7.3.jar;C:\Users\程小睿\.m2\repository\org\springframework\boot\spring-boot-starter-json\2.7.3\spring-boot-starter-json-2.7.3.jar;C:\Users\程小睿\.m2\repository\com\fasterxml\jackson\datatype\jackson-datatype-jdk8\2.13.3\jackson-datatype-jdk8-2.13.3.jar;C:\Users\程小睿\.m2\repository\com\fasterxml\jackson\datatype\jackson-datatype-jsr310\2.13.3\jackson-datatype-jsr310-2.13.3.jar;C:\Users\程小睿\.m2\repository\com\fasterxml\jackson\module\jackson-module-parameter-names\2.13.3\jackson-module-parameter-names-2.13.3.jar;C:\Users\程小睿\.m2\repository\org\springframework\spring-web\5.3.22\spring-web-5.3.22.jar;C:\Users\程小睿\.m2\repository\org\springframework\spring-beans\5.3.22\spring-beans-5.3.22.jar;C:\Users\程小睿\.m2\repository\org\springframework\spring-webmvc\5.3.22\spring-webmvc-5.3.22.jar;C:\Users\程小睿\.m2\repository\org\springframework\spring-aop\5.3.22\spring-aop-5.3.22.jar;C:\Users\程小睿\.m2\repository\org\springframework\spring-context\5.3.22\spring-context-5.3.22.jar;C:\Users\程小睿\.m2\repository\org\springframework\spring-expression\5.3.22\spring-expression-5.3.22.jar;C:\Users\程小睿\.m2\repository\org\mybatis\spring\boot\mybatis-spring-boot-starter\2.0.0\mybatis-spring-boot-starter-2.0.0.jar;C:\Users\程小睿\.m2\repository\org\mybatis\spring\boot\mybatis-spring-boot-autoconfigure\2.0.0\mybatis-spring-boot-autoconfigure-2.0.0.jar;C:\Users\程小睿\.m2\repository\org\mybatis\mybatis\3.5.0\mybatis-3.5.0.jar;C:\Users\程小睿\.m2\repository\org\mybatis\mybatis-spring\2.0.0\mybatis-spring-2.0.0.jar;C:\Users\程小睿\.m2\repository\mysql\mysql-connector-java\8.0.30\mysql-connector-java-8.0.30.jar;C:\Users\程小睿\.m2\repository\org\springframework\boot\spring-boot-starter-test\2.7.3\spring-boot-starter-test-2.7.3.jar;C:\Users\程小睿\.m2\repository\org\springframework\boot\spring-boot-test\2.7.3\spring-boot-test-2.7.3.jar;C:\Users\程小睿\.m2\repository\org\springframework\boot\spring-boot-test-autoconfigure\2.7.3\spring-boot-test-autoconfigure-2.7.3.jar;C:\Users\程小睿\.m2\repository\com\jayway\jsonpath\json-path\2.7.0\json-path-2.7.0.jar;C:\Users\程小睿\.m2\repository\net\minidev\json-smart\2.4.8\json-smart-2.4.8.jar;C:\Users\程小睿\.m2\repository\net\minidev\accessors-smart\2.4.8\accessors-smart-2.4.8.jar;C:\Users\程小睿\.m2\repository\org\ow2\asm\asm\9.1\asm-9.1.jar;C:\Users\程小睿\.m2\repository\jakarta\xml\bind\jakarta.xml.bind-api\2.3.3\jakarta.xml.bind-api-2.3.3.jar;C:\Users\程小睿\.m2\repository\jakarta\activation\jakarta.activation-api\1.2.2\jakarta.activation-api-1.2.2.jar;C:\Users\程小睿\.m2\repository\org\assertj\assertj-core\3.22.0\assertj-core-3.22.0.jar;C:\Users\程小睿\.m2\repository\org\hamcrest\hamcrest\2.2\hamcrest-2.2.jar;C:\Users\程小睿\.m2\repository\org\junit\jupiter\junit-jupiter\5.8.2\junit-jupiter-5.8.2.jar;C:\Users\程小睿\.m2\repository\org\junit\jupiter\junit-jupiter-api\5.8.2\junit-jupiter-api-5.8.2.jar;C:\Users\程小睿\.m2\repository\org\opentest4j\opentest4j\1.2.0\opentest4j-1.2.0.jar;C:\Users\程小睿\.m2\repository\org\junit\platform\junit-platform-commons\1.8.2\junit-platform-commons-1.8.2.jar;C:\Users\程小睿\.m2\repository\org\apiguardian\apiguardian-api\1.1.2\apiguardian-api-1.1.2.jar;C:\Users\程小睿\.m2\repository\org\junit\jupiter\junit-jupiter-params\5.8.2\junit-jupiter-params-5.8.2.jar;C:\Users\程小睿\.m2\repository\org\junit\jupiter\junit-jupiter-engine\5.8.2\junit-jupiter-engine-5.8.2.jar;C:\Users\程小睿\.m2\repository\org\junit\platform\junit-platform-engine\1.8.2\junit-platform-engine-1.8.2.jar;C:\Users\程小睿\.m2\repository\org\mockito\mockito-junit-jupiter\4.5.1\mockito-junit-jupiter-4.5.1.jar;C:\Users\程小睿\.m2\repository\org\skyscreamer\jsonassert\1.5.1\jsonassert-1.5.1.jar;C:\Users\程小睿\.m2\repository\com\vaadin\external\google\android-json\0.0.20131108.vaadin1\android-json-0.0.20131108.vaadin1.jar;C:\Users\程小睿\.m2\repository\org\springframework\spring-core\5.3.22\spring-core-5.3.22.jar;C:\Users\程小睿\.m2\repository\org\springframework\spring-jcl\5.3.22\spring-jcl-5.3.22.jar;C:\Users\程小睿\.m2\repository\org\springframework\spring-test\5.3.22\spring-test-5.3.22.jar;C:\Users\程小睿\.m2\repository\org\xmlunit\xmlunit-core\2.9.0\xmlunit-core-2.9.0.jar;C:\Users\程小睿\.m2\repository\org\apache\spark\spark-sql_2.12\3.0.0\spark-sql_2.12-3.0.0.jar;C:\Users\程小睿\.m2\repository\com\univocity\univocity-parsers\2.8.3\univocity-parsers-2.8.3.jar;C:\Users\程小睿\.m2\repository\org\apache\spark\spark-sketch_2.12\3.0.0\spark-sketch_2.12-3.0.0.jar;C:\Users\程小睿\.m2\repository\org\apache\spark\spark-catalyst_2.12\3.0.0\spark-catalyst_2.12-3.0.0.jar;C:\Users\程小睿\.m2\repository\org\scala-lang\modules\scala-parser-combinators_2.12\1.1.2\scala-parser-combinators_2.12-1.1.2.jar;C:\Users\程小睿\.m2\repository\org\antlr\antlr4-runtime\4.7.1\antlr4-runtime-4.7.1.jar;C:\Users\程小睿\.m2\repository\org\apache\arrow\arrow-vector\0.15.1\arrow-vector-0.15.1.jar;C:\Users\程小睿\.m2\repository\org\apache\arrow\arrow-format\0.15.1\arrow-format-0.15.1.jar;C:\Users\程小睿\.m2\repository\org\apache\arrow\arrow-memory\0.15.1\arrow-memory-0.15.1.jar;C:\Users\程小睿\.m2\repository\com\google\flatbuffers\flatbuffers-java\1.9.0\flatbuffers-java-1.9.0.jar;C:\Users\程小睿\.m2\repository\org\apache\spark\spark-tags_2.12\3.0.0\spark-tags_2.12-3.0.0.jar;C:\Users\程小睿\.m2\repository\org\apache\orc\orc-core\1.5.10\orc-core-1.5.10.jar;C:\Users\程小睿\.m2\repository\org\apache\orc\orc-shims\1.5.10\orc-shims-1.5.10.jar;C:\Users\程小睿\.m2\repository\io\airlift\aircompressor\0.10\aircompressor-0.10.jar;C:\Users\程小睿\.m2\repository\org\threeten\threeten-extra\1.5.0\threeten-extra-1.5.0.jar;C:\Users\程小睿\.m2\repository\org\apache\orc\orc-mapreduce\1.5.10\orc-mapreduce-1.5.10.jar;C:\Users\程小睿\.m2\repository\org\apache\hive\hive-storage-api\2.7.1\hive-storage-api-2.7.1.jar;C:\Users\程小睿\.m2\repository\org\apache\parquet\parquet-column\1.10.1\parquet-column-1.10.1.jar;C:\Users\程小睿\.m2\repository\org\apache\parquet\parquet-common\1.10.1\parquet-common-1.10.1.jar;C:\Users\程小睿\.m2\repository\org\apache\parquet\parquet-encoding\1.10.1\parquet-encoding-1.10.1.jar;C:\Users\程小睿\.m2\repository\org\apache\parquet\parquet-hadoop\1.10.1\parquet-hadoop-1.10.1.jar;C:\Users\程小睿\.m2\repository\org\apache\parquet\parquet-format\2.4.0\parquet-format-2.4.0.jar;C:\Users\程小睿\.m2\repository\org\apache\parquet\parquet-jackson\1.10.1\parquet-jackson-1.10.1.jar;C:\Users\程小睿\.m2\repository\org\codehaus\jackson\jackson-mapper-asl\1.9.13\jackson-mapper-asl-1.9.13.jar;C:\Users\程小睿\.m2\repository\org\codehaus\jackson\jackson-core-asl\1.9.13\jackson-core-asl-1.9.13.jar;C:\Users\程小睿\.m2\repository\com\fasterxml\jackson\core\jackson-databind\2.13.3\jackson-databind-2.13.3.jar;C:\Users\程小睿\.m2\repository\com\fasterxml\jackson\core\jackson-annotations\2.13.3\jackson-annotations-2.13.3.jar;C:\Users\程小睿\.m2\repository\com\fasterxml\jackson\core\jackson-core\2.13.3\jackson-core-2.13.3.jar;C:\Users\程小睿\.m2\repository\org\apache\xbean\xbean-asm7-shaded\4.15\xbean-asm7-shaded-4.15.jar;C:\Users\程小睿\.m2\repository\org\spark-project\spark\unused\1.0.0\unused-1.0.0.jar;C:\Users\程小睿\.m2\repository\org\apache\spark\spark-core_2.12\3.0.0\spark-core_2.12-3.0.0.jar;C:\Users\程小睿\.m2\repository\com\thoughtworks\paranamer\paranamer\2.8\paranamer-2.8.jar;C:\Users\程小睿\.m2\repository\org\apache\avro\avro\1.8.2\avro-1.8.2.jar;C:\Users\程小睿\.m2\repository\org\tukaani\xz\1.5\xz-1.5.jar;C:\Users\程小睿\.m2\repository\org\apache\avro\avro-mapred\1.8.2\avro-mapred-1.8.2-hadoop2.jar;C:\Users\程小睿\.m2\repository\org\apache\avro\avro-ipc\1.8.2\avro-ipc-1.8.2.jar;C:\Users\程小睿\.m2\repository\com\twitter\chill_2.12\0.9.5\chill_2.12-0.9.5.jar;C:\Users\程小睿\.m2\repository\com\esotericsoftware\kryo-shaded\4.0.2\kryo-shaded-4.0.2.jar;C:\Users\程小睿\.m2\repository\com\esotericsoftware\minlog\1.3.0\minlog-1.3.0.jar;C:\Users\程小睿\.m2\repository\com\twitter\chill-java\0.9.5\chill-java-0.9.5.jar;C:\Users\程小睿\.m2\repository\org\apache\spark\spark-launcher_2.12\3.0.0\spark-launcher_2.12-3.0.0.jar;C:\Users\程小睿\.m2\repository\org\apache\spark\spark-kvstore_2.12\3.0.0\spark-kvstore_2.12-3.0.0.jar;C:\Users\程小睿\.m2\repository\org\apache\spark\spark-network-common_2.12\3.0.0\spark-network-common_2.12-3.0.0.jar;C:\Users\程小睿\.m2\repository\org\apache\spark\spark-network-shuffle_2.12\3.0.0\spark-network-shuffle_2.12-3.0.0.jar;C:\Users\程小睿\.m2\repository\org\apache\spark\spark-unsafe_2.12\3.0.0\spark-unsafe_2.12-3.0.0.jar;C:\Users\程小睿\.m2\repository\javax\activation\activation\1.1.1\activation-1.1.1.jar;C:\Users\程小睿\.m2\repository\org\apache\curator\curator-recipes\2.7.1\curator-recipes-2.7.1.jar;C:\Users\程小睿\.m2\repository\org\apache\curator\curator-framework\2.7.1\curator-framework-2.7.1.jar;C:\Users\程小睿\.m2\repository\org\apache\zookeeper\zookeeper\3.4.14\zookeeper-3.4.14.jar;C:\Users\程小睿\.m2\repository\org\apache\yetus\audience-annotations\0.5.0\audience-annotations-0.5.0.jar;C:\Users\程小睿\.m2\repository\javax\servlet\javax.servlet-api\4.0.1\javax.servlet-api-4.0.1.jar;C:\Users\程小睿\.m2\repository\org\apache\commons\commons-lang3\3.12.0\commons-lang3-3.12.0.jar;C:\Users\程小睿\.m2\repository\org\apache\commons\commons-math3\3.4.1\commons-math3-3.4.1.jar;C:\Users\程小睿\.m2\repository\org\apache\commons\commons-text\1.6\commons-text-1.6.jar;C:\Users\程小睿\.m2\repository\com\google\code\findbugs\jsr305\3.0.0\jsr305-3.0.0.jar;C:\Users\程小睿\.m2\repository\org\slf4j\slf4j-api\1.7.36\slf4j-api-1.7.36.jar;C:\Users\程小睿\.m2\repository\org\slf4j\jul-to-slf4j\1.7.36\jul-to-slf4j-1.7.36.jar;C:\Users\程小睿\.m2\repository\org\slf4j\jcl-over-slf4j\1.7.36\jcl-over-slf4j-1.7.36.jar;C:\Users\程小睿\.m2\repository\log4j\log4j\1.2.17\log4j-1.2.17.jar;C:\Users\程小睿\.m2\repository\org\slf4j\slf4j-reload4j\1.7.36\slf4j-reload4j-1.7.36.jar;C:\Users\程小睿\.m2\repository\ch\qos\reload4j\reload4j\1.2.19\reload4j-1.2.19.jar;C:\Users\程小睿\.m2\repository\com\ning\compress-lzf\1.0.3\compress-lzf-1.0.3.jar;C:\Users\程小睿\.m2\repository\org\xerial\snappy\snappy-java\1.1.7.5\snappy-java-1.1.7.5.jar;C:\Users\程小睿\.m2\repository\org\lz4\lz4-java\1.7.1\lz4-java-1.7.1.jar;C:\Users\程小睿\.m2\repository\com\github\luben\zstd-jni\1.4.4-3\zstd-jni-1.4.4-3.jar;C:\Users\程小睿\.m2\repository\org\roaringbitmap\RoaringBitmap\0.7.45\RoaringBitmap-0.7.45.jar;C:\Users\程小睿\.m2\repository\org\roaringbitmap\shims\0.7.45\shims-0.7.45.jar;C:\Users\程小睿\.m2\repository\org\scala-lang\modules\scala-xml_2.12\1.2.0\scala-xml_2.12-1.2.0.jar;C:\Users\程小睿\.m2\repository\org\scala-lang\scala-library\2.12.10\scala-library-2.12.10.jar;C:\Users\程小睿\.m2\repository\org\scala-lang\scala-reflect\2.12.10\scala-reflect-2.12.10.jar;C:\Users\程小睿\.m2\repository\org\json4s\json4s-jackson_2.12\3.6.6\json4s-jackson_2.12-3.6.6.jar;C:\Users\程小睿\.m2\repository\org\json4s\json4s-core_2.12\3.6.6\json4s-core_2.12-3.6.6.jar;C:\Users\程小睿\.m2\repository\org\json4s\json4s-ast_2.12\3.6.6\json4s-ast_2.12-3.6.6.jar;C:\Users\程小睿\.m2\repository\org\json4s\json4s-scalap_2.12\3.6.6\json4s-scalap_2.12-3.6.6.jar;C:\Users\程小睿\.m2\repository\org\glassfish\jersey\core\jersey-client\2.35\jersey-client-2.35.jar;C:\Users\程小睿\.m2\repository\jakarta\ws\rs\jakarta.ws.rs-api\2.1.6\jakarta.ws.rs-api-2.1.6.jar;C:\Users\程小睿\.m2\repository\org\glassfish\hk2\external\jakarta.inject\2.6.1\jakarta.inject-2.6.1.jar;C:\Users\程小睿\.m2\repository\org\glassfish\jersey\core\jersey-common\2.35\jersey-common-2.35.jar;C:\Users\程小睿\.m2\repository\org\glassfish\hk2\osgi-resource-locator\1.0.3\osgi-resource-locator-1.0.3.jar;C:\Users\程小睿\.m2\repository\org\glassfish\jersey\core\jersey-server\2.35\jersey-server-2.35.jar;C:\Users\程小睿\.m2\repository\jakarta\validation\jakarta.validation-api\2.0.2\jakarta.validation-api-2.0.2.jar;C:\Users\程小睿\.m2\repository\org\glassfish\jersey\containers\jersey-container-servlet\2.35\jersey-container-servlet-2.35.jar;C:\Users\程小睿\.m2\repository\org\glassfish\jersey\containers\jersey-container-servlet-core\2.35\jersey-container-servlet-core-2.35.jar;C:\Users\程小睿\.m2\repository\org\glassfish\jersey\inject\jersey-hk2\2.35\jersey-hk2-2.35.jar;C:\Users\程小睿\.m2\repository\org\glassfish\hk2\hk2-locator\2.6.1\hk2-locator-2.6.1.jar;C:\Users\程小睿\.m2\repository\org\glassfish\hk2\external\aopalliance-repackaged\2.6.1\aopalliance-repackaged-2.6.1.jar;C:\Users\程小睿\.m2\repository\org\glassfish\hk2\hk2-api\2.6.1\hk2-api-2.6.1.jar;C:\Users\程小睿\.m2\repository\org\glassfish\hk2\hk2-utils\2.6.1\hk2-utils-2.6.1.jar;C:\Users\程小睿\.m2\repository\org\javassist\javassist\3.25.0-GA\javassist-3.25.0-GA.jar;C:\Users\程小睿\.m2\repository\io\netty\netty-all\4.1.79.Final\netty-all-4.1.79.Final.jar;C:\Users\程小睿\.m2\repository\io\netty\netty-buffer\4.1.79.Final\netty-buffer-4.1.79.Final.jar;C:\Users\程小睿\.m2\repository\io\netty\netty-codec\4.1.79.Final\netty-codec-4.1.79.Final.jar;C:\Users\程小睿\.m2\repository\io\netty\netty-codec-dns\4.1.79.Final\netty-codec-dns-4.1.79.Final.jar;C:\Users\程小睿\.m2\repository\io\netty\netty-codec-haproxy\4.1.79.Final\netty-codec-haproxy-4.1.79.Final.jar;C:\Users\程小睿\.m2\repository\io\netty\netty-codec-http\4.1.79.Final\netty-codec-http-4.1.79.Final.jar;C:\Users\程小睿\.m2\repository\io\netty\netty-codec-http2\4.1.79.Final\netty-codec-http2-4.1.79.Final.jar;C:\Users\程小睿\.m2\repository\io\netty\netty-codec-memcache\4.1.79.Final\netty-codec-memcache-4.1.79.Final.jar;C:\Users\程小睿\.m2\repository\io\netty\netty-codec-mqtt\4.1.79.Final\netty-codec-mqtt-4.1.79.Final.jar;C:\Users\程小睿\.m2\repository\io\netty\netty-codec-redis\4.1.79.Final\netty-codec-redis-4.1.79.Final.jar;C:\Users\程小睿\.m2\repository\io\netty\netty-codec-smtp\4.1.79.Final\netty-codec-smtp-4.1.79.Final.jar;C:\Users\程小睿\.m2\repository\io\netty\netty-codec-socks\4.1.79.Final\netty-codec-socks-4.1.79.Final.jar;C:\Users\程小睿\.m2\repository\io\netty\netty-codec-stomp\4.1.79.Final\netty-codec-stomp-4.1.79.Final.jar;C:\Users\程小睿\.m2\repository\io\netty\netty-codec-xml\4.1.79.Final\netty-codec-xml-4.1.79.Final.jar;C:\Users\程小睿\.m2\repository\io\netty\netty-common\4.1.79.Final\netty-common-4.1.79.Final.jar;C:\Users\程小睿\.m2\repository\io\netty\netty-handler\4.1.79.Final\netty-handler-4.1.79.Final.jar;C:\Users\程小睿\.m2\repository\io\netty\netty-transport-native-unix-common\4.1.79.Final\netty-transport-native-unix-common-4.1.79.Final.jar;C:\Users\程小睿\.m2\repository\io\netty\netty-handler-proxy\4.1.79.Final\netty-handler-proxy-4.1.79.Final.jar;C:\Users\程小睿\.m2\repository\io\netty\netty-resolver\4.1.79.Final\netty-resolver-4.1.79.Final.jar;C:\Users\程小睿\.m2\repository\io\netty\netty-resolver-dns\4.1.79.Final\netty-resolver-dns-4.1.79.Final.jar;C:\Users\程小睿\.m2\repository\io\netty\netty-transport\4.1.79.Final\netty-transport-4.1.79.Final.jar;C:\Users\程小睿\.m2\repository\io\netty\netty-transport-rxtx\4.1.79.Final\netty-transport-rxtx-4.1.79.Final.jar;C:\Users\程小睿\.m2\repository\io\netty\netty-transport-sctp\4.1.79.Final\netty-transport-sctp-4.1.79.Final.jar;C:\Users\程小睿\.m2\repository\io\netty\netty-transport-udt\4.1.79.Final\netty-transport-udt-4.1.79.Final.jar;C:\Users\程小睿\.m2\repository\io\netty\netty-transport-classes-epoll\4.1.79.Final\netty-transport-classes-epoll-4.1.79.Final.jar;C:\Users\程小睿\.m2\repository\io\netty\netty-transport-classes-kqueue\4.1.79.Final\netty-transport-classes-kqueue-4.1.79.Final.jar;C:\Users\程小睿\.m2\repository\io\netty\netty-resolver-dns-classes-macos\4.1.79.Final\netty-resolver-dns-classes-macos-4.1.79.Final.jar;C:\Users\程小睿\.m2\repository\io\netty\netty-transport-native-epoll\4.1.79.Final\netty-transport-native-epoll-4.1.79.Final-linux-x86_64.jar;C:\Users\程小睿\.m2\repository\io\netty\netty-transport-native-epoll\4.1.79.Final\netty-transport-native-epoll-4.1.79.Final-linux-aarch_64.jar;C:\Users\程小睿\.m2\repository\io\netty\netty-transport-native-kqueue\4.1.79.Final\netty-transport-native-kqueue-4.1.79.Final-osx-x86_64.jar;C:\Users\程小睿\.m2\repository\io\netty\netty-transport-native-kqueue\4.1.79.Final\netty-transport-native-kqueue-4.1.79.Final-osx-aarch_64.jar;C:\Users\程小睿\.m2\repository\io\netty\netty-resolver-dns-native-macos\4.1.79.Final\netty-resolver-dns-native-macos-4.1.79.Final-osx-x86_64.jar;C:\Users\程小睿\.m2\repository\io\netty\netty-resolver-dns-native-macos\4.1.79.Final\netty-resolver-dns-native-macos-4.1.79.Final-osx-aarch_64.jar;C:\Users\程小睿\.m2\repository\com\clearspring\analytics\stream\2.9.6\stream-2.9.6.jar;C:\Users\程小睿\.m2\repository\io\dropwizard\metrics\metrics-core\4.2.11\metrics-core-4.2.11.jar;C:\Users\程小睿\.m2\repository\io\dropwizard\metrics\metrics-jvm\4.2.11\metrics-jvm-4.2.11.jar;C:\Users\程小睿\.m2\repository\io\dropwizard\metrics\metrics-json\4.2.11\metrics-json-4.2.11.jar;C:\Users\程小睿\.m2\repository\io\dropwizard\metrics\metrics-graphite\4.2.11\metrics-graphite-4.2.11.jar;C:\Users\程小睿\.m2\repository\io\dropwizard\metrics\metrics-jmx\4.2.11\metrics-jmx-4.2.11.jar;C:\Users\程小睿\.m2\repository\com\fasterxml\jackson\module\jackson-module-scala_2.12\2.13.3\jackson-module-scala_2.12-2.13.3.jar;C:\Users\程小睿\.m2\repository\org\apache\ivy\ivy\2.4.0\ivy-2.4.0.jar;C:\Users\程小睿\.m2\repository\oro\oro\2.0.8\oro-2.0.8.jar;C:\Users\程小睿\.m2\repository\net\razorvine\pyrolite\4.30\pyrolite-4.30.jar;C:\Users\程小睿\.m2\repository\net\sf\py4j\py4j\0.10.9\py4j-0.10.9.jar;C:\Users\程小睿\.m2\repository\org\apache\commons\commons-crypto\1.0.0\commons-crypto-1.0.0.jar;C:\Users\程小睿\.m2\repository\org\springframework\boot\spring-boot-starter-tomcat\2.7.3\spring-boot-starter-tomcat-2.7.3.jar;C:\Users\程小睿\.m2\repository\jakarta\annotation\jakarta.annotation-api\1.3.5\jakarta.annotation-api-1.3.5.jar;C:\Users\程小睿\.m2\repository\org\apache\tomcat\embed\tomcat-embed-core\9.0.65\tomcat-embed-core-9.0.65.jar;C:\Users\程小睿\.m2\repository\org\apache\tomcat\embed\tomcat-embed-el\9.0.65\tomcat-embed-el-9.0.65.jar;C:\Users\程小睿\.m2\repository\org\apache\tomcat\embed\tomcat-embed-websocket\9.0.65\tomcat-embed-websocket-9.0.65.jar;C:\Users\程小睿\.m2\repository\com\alibaba\fastjson\1.2.44\fastjson-1.2.44.jar;C:\Users\程小睿\.m2\repository\org\bouncycastle\bcprov-jdk15on\1.57\bcprov-jdk15on-1.57.jar;C:\Users\程小睿\.m2\repository\commons-codec\commons-codec\1.15\commons-codec-1.15.jar;C:\Users\程小睿\.m2\repository\commons-lang\commons-lang\2.6\commons-lang-2.6.jar;C:\Users\程小睿\.m2\repository\org\springframework\boot\spring-boot-starter-data-redis\2.6.2\spring-boot-starter-data-redis-2.6.2.jar;C:\Users\程小睿\.m2\repository\org\springframework\data\spring-data-redis\2.7.2\spring-data-redis-2.7.2.jar;C:\Users\程小睿\.m2\repository\org\springframework\data\spring-data-keyvalue\2.7.2\spring-data-keyvalue-2.7.2.jar;C:\Users\程小睿\.m2\repository\org\springframework\data\spring-data-commons\2.7.2\spring-data-commons-2.7.2.jar;C:\Users\程小睿\.m2\repository\org\springframework\spring-tx\5.3.22\spring-tx-5.3.22.jar;C:\Users\程小睿\.m2\repository\org\springframework\spring-oxm\5.3.22\spring-oxm-5.3.22.jar;C:\Users\程小睿\.m2\repository\org\springframework\spring-context-support\5.3.22\spring-context-support-5.3.22.jar;C:\Users\程小睿\.m2\repository\io\lettuce\lettuce-core\6.1.9.RELEASE\lettuce-core-6.1.9.RELEASE.jar;C:\Users\程小睿\.m2\repository\io\projectreactor\reactor-core\3.4.22\reactor-core-3.4.22.jar;C:\Users\程小睿\.m2\repository\org\reactivestreams\reactive-streams\1.0.4\reactive-streams-1.0.4.jar;C:\Users\程小睿\.m2\repository\org\projectlombok\lombok\1.18.8\lombok-1.18.8.jar;C:\Users\程小睿\.m2\repository\org\mockito\mockito-core\4.5.1\mockito-core-4.5.1.jar;C:\Users\程小睿\.m2\repository\net\bytebuddy\byte-buddy\1.12.13\byte-buddy-1.12.13.jar;C:\Users\程小睿\.m2\repository\net\bytebuddy\byte-buddy-agent\1.12.13\byte-buddy-agent-1.12.13.jar;C:\Users\程小睿\.m2\repository\org\objenesis\objenesis\3.2\objenesis-3.2.jar;C:\Users\程小睿\.m2\repository\org\springframework\boot\spring-boot-starter-jdbc\2.7.3\spring-boot-starter-jdbc-2.7.3.jar;C:\Users\程小睿\.m2\repository\com\zaxxer\HikariCP\4.0.3\HikariCP-4.0.3.jar;C:\Users\程小睿\.m2\repository\org\springframework\spring-jdbc\5.3.22\spring-jdbc-5.3.22.jar;C:\Users\程小睿\.m2\repository\org\apache\hadoop\hadoop-common\3.1.1\hadoop-common-3.1.1.jar;C:\Users\程小睿\.m2\repository\org\apache\hadoop\hadoop-annotations\3.1.1\hadoop-annotations-3.1.1.jar;D:\Java\jdk1.8.0_281\jre\..\lib\tools.jar;C:\Users\程小睿\.m2\repository\com\google\guava\guava\11.0.2\guava-11.0.2.jar;C:\Users\程小睿\.m2\repository\commons-cli\commons-cli\1.2\commons-cli-1.2.jar;C:\Users\程小睿\.m2\repository\org\apache\httpcomponents\httpclient\4.5.13\httpclient-4.5.13.jar;C:\Users\程小睿\.m2\repository\org\apache\httpcomponents\httpcore\4.4.15\httpcore-4.4.15.jar;C:\Users\程小睿\.m2\repository\commons-collections\commons-collections\3.2.2\commons-collections-3.2.2.jar;C:\Users\程小睿\.m2\repository\org\eclipse\jetty\jetty-server\9.4.48.v20220622\jetty-server-9.4.48.v20220622.jar;C:\Users\程小睿\.m2\repository\org\eclipse\jetty\jetty-http\9.4.48.v20220622\jetty-http-9.4.48.v20220622.jar;C:\Users\程小睿\.m2\repository\org\eclipse\jetty\jetty-io\9.4.48.v20220622\jetty-io-9.4.48.v20220622.jar;C:\Users\程小睿\.m2\repository\org\eclipse\jetty\jetty-util\9.4.48.v20220622\jetty-util-9.4.48.v20220622.jar;C:\Users\程小睿\.m2\repository\org\eclipse\jetty\jetty-servlet\9.4.48.v20220622\jetty-servlet-9.4.48.v20220622.jar;C:\Users\程小睿\.m2\repository\org\eclipse\jetty\jetty-security\9.4.48.v20220622\jetty-security-9.4.48.v20220622.jar;C:\Users\程小睿\.m2\repository\org\eclipse\jetty\jetty-webapp\9.4.48.v20220622\jetty-webapp-9.4.48.v20220622.jar;C:\Users\程小睿\.m2\repository\org\eclipse\jetty\jetty-xml\9.4.48.v20220622\jetty-xml-9.4.48.v20220622.jar;C:\Users\程小睿\.m2\repository\javax\servlet\jsp\jsp-api\2.1\jsp-api-2.1.jar;C:\Users\程小睿\.m2\repository\com\sun\jersey\jersey-core\1.19\jersey-core-1.19.jar;C:\Users\程小睿\.m2\repository\javax\ws\rs\jsr311-api\1.1.1\jsr311-api-1.1.1.jar;C:\Users\程小睿\.m2\repository\com\sun\jersey\jersey-servlet\1.19\jersey-servlet-1.19.jar;C:\Users\程小睿\.m2\repository\com\sun\jersey\jersey-json\1.19\jersey-json-1.19.jar;C:\Users\程小睿\.m2\repository\org\codehaus\jettison\jettison\1.1\jettison-1.1.jar;C:\Users\程小睿\.m2\repository\com\sun\xml\bind\jaxb-impl\2.2.3-1\jaxb-impl-2.2.3-1.jar;C:\Users\程小睿\.m2\repository\org\codehaus\jackson\jackson-jaxrs\1.9.2\jackson-jaxrs-1.9.2.jar;C:\Users\程小睿\.m2\repository\org\codehaus\jackson\jackson-xc\1.9.2\jackson-xc-1.9.2.jar;C:\Users\程小睿\.m2\repository\com\sun\jersey\jersey-server\1.19\jersey-server-1.19.jar;C:\Users\程小睿\.m2\repository\commons-logging\commons-logging\1.1.3\commons-logging-1.1.3.jar;C:\Users\程小睿\.m2\repository\org\apache\commons\commons-configuration2\2.1.1\commons-configuration2-2.1.1.jar;C:\Users\程小睿\.m2\repository\com\google\re2j\re2j\1.1\re2j-1.1.jar;C:\Users\程小睿\.m2\repository\com\google\protobuf\protobuf-java\2.5.0\protobuf-java-2.5.0.jar;C:\Users\程小睿\.m2\repository\com\google\code\gson\gson\2.9.1\gson-2.9.1.jar;C:\Users\程小睿\.m2\repository\org\apache\hadoop\hadoop-auth\3.1.1\hadoop-auth-3.1.1.jar;C:\Users\程小睿\.m2\repository\com\nimbusds\nimbus-jose-jwt\4.41.1\nimbus-jose-jwt-4.41.1.jar;C:\Users\程小睿\.m2\repository\com\github\stephenc\jcip\jcip-annotations\1.0-1\jcip-annotations-1.0-1.jar;C:\Users\程小睿\.m2\repository\org\apache\curator\curator-client\2.12.0\curator-client-2.12.0.jar;C:\Users\程小睿\.m2\repository\org\apache\htrace\htrace-core4\4.1.0-incubating\htrace-core4-4.1.0-incubating.jar;C:\Users\程小睿\.m2\repository\org\apache\commons\commons-compress\1.4.1\commons-compress-1.4.1.jar;C:\Users\程小睿\.m2\repository\org\apache\kerby\kerb-simplekdc\1.0.1\kerb-simplekdc-1.0.1.jar;C:\Users\程小睿\.m2\repository\org\apache\kerby\kerb-client\1.0.1\kerb-client-1.0.1.jar;C:\Users\程小睿\.m2\repository\org\apache\kerby\kerby-config\1.0.1\kerby-config-1.0.1.jar;C:\Users\程小睿\.m2\repository\org\apache\kerby\kerb-core\1.0.1\kerb-core-1.0.1.jar;C:\Users\程小睿\.m2\repository\org\apache\kerby\kerby-pkix\1.0.1\kerby-pkix-1.0.1.jar;C:\Users\程小睿\.m2\repository\org\apache\kerby\kerby-asn1\1.0.1\kerby-asn1-1.0.1.jar;C:\Users\程小睿\.m2\repository\org\apache\kerby\kerby-util\1.0.1\kerby-util-1.0.1.jar;C:\Users\程小睿\.m2\repository\org\apache\kerby\kerb-common\1.0.1\kerb-common-1.0.1.jar;C:\Users\程小睿\.m2\repository\org\apache\kerby\kerb-crypto\1.0.1\kerb-crypto-1.0.1.jar;C:\Users\程小睿\.m2\repository\org\apache\kerby\kerb-util\1.0.1\kerb-util-1.0.1.jar;C:\Users\程小睿\.m2\repository\org\apache\kerby\token-provider\1.0.1\token-provider-1.0.1.jar;C:\Users\程小睿\.m2\repository\org\apache\kerby\kerb-admin\1.0.1\kerb-admin-1.0.1.jar;C:\Users\程小睿\.m2\repository\org\apache\kerby\kerb-server\1.0.1\kerb-server-1.0.1.jar;C:\Users\程小睿\.m2\repository\org\apache\kerby\kerb-identity\1.0.1\kerb-identity-1.0.1.jar;C:\Users\程小睿\.m2\repository\org\apache\kerby\kerby-xdr\1.0.1\kerby-xdr-1.0.1.jar;C:\Users\程小睿\.m2\repository\org\codehaus\woodstox\stax2-api\3.1.4\stax2-api-3.1.4.jar;C:\Users\程小睿\.m2\repository\com\fasterxml\woodstox\woodstox-core\5.0.3\woodstox-core-5.0.3.jar;C:\Users\程小睿\.m2\repository\org\apache\hadoop\hadoop-hdfs\3.1.1\hadoop-hdfs-3.1.1.jar;C:\Users\程小睿\.m2\repository\org\eclipse\jetty\jetty-util-ajax\9.4.48.v20220622\jetty-util-ajax-9.4.48.v20220622.jar;C:\Users\程小睿\.m2\repository\commons-daemon\commons-daemon\1.0.13\commons-daemon-1.0.13.jar;C:\Users\程小睿\.m2\repository\io\netty\netty\3.10.5.Final\netty-3.10.5.Final.jar;C:\Users\程小睿\.m2\repository\org\fusesource\leveldbjni\leveldbjni-all\1.8\leveldbjni-all-1.8.jar;C:\Users\程小睿\.m2\repository\org\apache\hadoop\hadoop-client\3.1.1\hadoop-client-3.1.1.jar;C:\Users\程小睿\.m2\repository\org\apache\hadoop\hadoop-hdfs-client\3.1.1\hadoop-hdfs-client-3.1.1.jar;C:\Users\程小睿\.m2\repository\com\squareup\okhttp\okhttp\2.7.5\okhttp-2.7.5.jar;C:\Users\程小睿\.m2\repository\com\squareup\okio\okio\1.6.0\okio-1.6.0.jar;C:\Users\程小睿\.m2\repository\org\apache\hadoop\hadoop-yarn-api\3.1.1\hadoop-yarn-api-3.1.1.jar;C:\Users\程小睿\.m2\repository\javax\xml\bind\jaxb-api\2.3.1\jaxb-api-2.3.1.jar;C:\Users\程小睿\.m2\repository\javax\activation\javax.activation-api\1.2.0\javax.activation-api-1.2.0.jar;C:\Users\程小睿\.m2\repository\org\apache\hadoop\hadoop-yarn-client\3.1.1\hadoop-yarn-client-3.1.1.jar;C:\Users\程小睿\.m2\repository\org\apache\hadoop\hadoop-mapreduce-client-core\3.1.1\hadoop-mapreduce-client-core-3.1.1.jar;C:\Users\程小睿\.m2\repository\org\apache\hadoop\hadoop-yarn-common\3.1.1\hadoop-yarn-common-3.1.1.jar;C:\Users\程小睿\.m2\repository\com\sun\jersey\jersey-client\1.19\jersey-client-1.19.jar;C:\Users\程小睿\.m2\repository\com\fasterxml\jackson\module\jackson-module-jaxb-annotations\2.13.3\jackson-module-jaxb-annotations-2.13.3.jar;C:\Users\程小睿\.m2\repository\com\fasterxml\jackson\jaxrs\jackson-jaxrs-json-provider\2.13.3\jackson-jaxrs-json-provider-2.13.3.jar;C:\Users\程小睿\.m2\repository\com\fasterxml\jackson\jaxrs\jackson-jaxrs-base\2.13.3\jackson-jaxrs-base-2.13.3.jar;C:\Users\程小睿\.m2\repository\org\apache\hadoop\hadoop-mapreduce-client-jobclient\3.1.1\hadoop-mapreduce-client-jobclient-3.1.1.jar;C:\Users\程小睿\.m2\repository\org\apache\hadoop\hadoop-mapreduce-client-common\3.1.1\hadoop-mapreduce-client-common-3.1.1.jar;C:\Users\程小睿\.m2\repository\com\github\pagehelper\pagehelper-spring-boot-starter\1.3.0\pagehelper-spring-boot-starter-1.3.0.jar;C:\Users\程小睿\.m2\repository\com\github\pagehelper\pagehelper-spring-boot-autoconfigure\1.3.0\pagehelper-spring-boot-autoconfigure-1.3.0.jar;C:\Users\程小睿\.m2\repository\com\github\pagehelper\pagehelper\5.2.0\pagehelper-5.2.0.jar;C:\Users\程小睿\.m2\repository\com\github\jsqlparser\jsqlparser\3.2\jsqlparser-3.2.jar;C:\Users\程小睿\.m2\repository\org\codehaus\janino\janino\3.0.8\janino-3.0.8.jar;C:\Users\程小睿\.m2\repository\org\codehaus\janino\commons-compiler\3.1.7\commons-compiler-3.1.7.jar;C:\Users\程小睿\.m2\repository\commons-net\commons-net\3.1\commons-net-3.1.jar;"/>
    <property name="java.vm.vendor" value="Oracle Corporation"/>
    <property name="sun.arch.data.model" value="64"/>
    <property name="user.variant" value=""/>
    <property name="java.vendor.url" value="http://java.oracle.com/"/>
    <property name="user.timezone" value="Asia/Shanghai"/>
    <property name="java.vm.specification.version" value="1.8"/>
    <property name="os.name" value="Windows 10"/>
    <property name="user.country" value="CN"/>
    <property name="sun.java.launcher" value="SUN_STANDARD"/>
    <property name="sun.boot.library.path" value="D:\Java\jdk1.8.0_281\jre\bin"/>
    <property name="sun.java.command" value="C:\Users\程小睿\AppData\Local\Temp\surefire1764273998502849687\surefirebooter4865366597567320988.jar C:\Users\程小睿\AppData\Local\Temp\surefire1764273998502849687 2022-10-11T08-54-29_377-jvmRun1 surefire1717669068695966286tmp surefire_04335287168894106244tmp"/>
    <property name="surefire.test.class.path" value="D:\Competition\douban_game\target\test-classes;D:\Competition\douban_game\target\classes;C:\Users\程小睿\.m2\repository\io\gitee\ForteScarlet\mock.java\1.5.2\mock.java-1.5.2.jar;C:\Users\程小睿\.m2\repository\commons-beanutils\commons-beanutils\1.9.3\commons-beanutils-1.9.3.jar;C:\Users\程小睿\.m2\repository\commons-io\commons-io\1.3.2\commons-io-1.3.2.jar;C:\Users\程小睿\.m2\repository\com\jcraft\jsch\0.1.55\jsch-0.1.55.jar;C:\Users\程小睿\.m2\repository\org\springframework\boot\spring-boot-starter-thymeleaf\2.7.3\spring-boot-starter-thymeleaf-2.7.3.jar;C:\Users\程小睿\.m2\repository\org\springframework\boot\spring-boot-starter\2.7.3\spring-boot-starter-2.7.3.jar;C:\Users\程小睿\.m2\repository\org\springframework\boot\spring-boot\2.7.3\spring-boot-2.7.3.jar;C:\Users\程小睿\.m2\repository\org\springframework\boot\spring-boot-autoconfigure\2.7.3\spring-boot-autoconfigure-2.7.3.jar;C:\Users\程小睿\.m2\repository\org\springframework\boot\spring-boot-starter-logging\2.7.3\spring-boot-starter-logging-2.7.3.jar;C:\Users\程小睿\.m2\repository\ch\qos\logback\logback-classic\1.2.11\logback-classic-1.2.11.jar;C:\Users\程小睿\.m2\repository\ch\qos\logback\logback-core\1.2.11\logback-core-1.2.11.jar;C:\Users\程小睿\.m2\repository\org\apache\logging\log4j\log4j-to-slf4j\2.17.2\log4j-to-slf4j-2.17.2.jar;C:\Users\程小睿\.m2\repository\org\apache\logging\log4j\log4j-api\2.17.2\log4j-api-2.17.2.jar;C:\Users\程小睿\.m2\repository\org\yaml\snakeyaml\1.30\snakeyaml-1.30.jar;C:\Users\程小睿\.m2\repository\org\thymeleaf\thymeleaf-spring5\3.0.15.RELEASE\thymeleaf-spring5-3.0.15.RELEASE.jar;C:\Users\程小睿\.m2\repository\org\thymeleaf\thymeleaf\3.0.15.RELEASE\thymeleaf-3.0.15.RELEASE.jar;C:\Users\程小睿\.m2\repository\org\attoparser\attoparser\2.0.5.RELEASE\attoparser-2.0.5.RELEASE.jar;C:\Users\程小睿\.m2\repository\org\unbescape\unbescape\1.1.6.RELEASE\unbescape-1.1.6.RELEASE.jar;C:\Users\程小睿\.m2\repository\org\thymeleaf\extras\thymeleaf-extras-java8time\3.0.4.RELEASE\thymeleaf-extras-java8time-3.0.4.RELEASE.jar;C:\Users\程小睿\.m2\repository\org\springframework\boot\spring-boot-starter-web\2.7.3\spring-boot-starter-web-2.7.3.jar;C:\Users\程小睿\.m2\repository\org\springframework\boot\spring-boot-starter-json\2.7.3\spring-boot-starter-json-2.7.3.jar;C:\Users\程小睿\.m2\repository\com\fasterxml\jackson\datatype\jackson-datatype-jdk8\2.13.3\jackson-datatype-jdk8-2.13.3.jar;C:\Users\程小睿\.m2\repository\com\fasterxml\jackson\datatype\jackson-datatype-jsr310\2.13.3\jackson-datatype-jsr310-2.13.3.jar;C:\Users\程小睿\.m2\repository\com\fasterxml\jackson\module\jackson-module-parameter-names\2.13.3\jackson-module-parameter-names-2.13.3.jar;C:\Users\程小睿\.m2\repository\org\springframework\spring-web\5.3.22\spring-web-5.3.22.jar;C:\Users\程小睿\.m2\repository\org\springframework\spring-beans\5.3.22\spring-beans-5.3.22.jar;C:\Users\程小睿\.m2\repository\org\springframework\spring-webmvc\5.3.22\spring-webmvc-5.3.22.jar;C:\Users\程小睿\.m2\repository\org\springframework\spring-aop\5.3.22\spring-aop-5.3.22.jar;C:\Users\程小睿\.m2\repository\org\springframework\spring-context\5.3.22\spring-context-5.3.22.jar;C:\Users\程小睿\.m2\repository\org\springframework\spring-expression\5.3.22\spring-expression-5.3.22.jar;C:\Users\程小睿\.m2\repository\org\mybatis\spring\boot\mybatis-spring-boot-starter\2.0.0\mybatis-spring-boot-starter-2.0.0.jar;C:\Users\程小睿\.m2\repository\org\mybatis\spring\boot\mybatis-spring-boot-autoconfigure\2.0.0\mybatis-spring-boot-autoconfigure-2.0.0.jar;C:\Users\程小睿\.m2\repository\org\mybatis\mybatis\3.5.0\mybatis-3.5.0.jar;C:\Users\程小睿\.m2\repository\org\mybatis\mybatis-spring\2.0.0\mybatis-spring-2.0.0.jar;C:\Users\程小睿\.m2\repository\mysql\mysql-connector-java\8.0.30\mysql-connector-java-8.0.30.jar;C:\Users\程小睿\.m2\repository\org\springframework\boot\spring-boot-starter-test\2.7.3\spring-boot-starter-test-2.7.3.jar;C:\Users\程小睿\.m2\repository\org\springframework\boot\spring-boot-test\2.7.3\spring-boot-test-2.7.3.jar;C:\Users\程小睿\.m2\repository\org\springframework\boot\spring-boot-test-autoconfigure\2.7.3\spring-boot-test-autoconfigure-2.7.3.jar;C:\Users\程小睿\.m2\repository\com\jayway\jsonpath\json-path\2.7.0\json-path-2.7.0.jar;C:\Users\程小睿\.m2\repository\net\minidev\json-smart\2.4.8\json-smart-2.4.8.jar;C:\Users\程小睿\.m2\repository\net\minidev\accessors-smart\2.4.8\accessors-smart-2.4.8.jar;C:\Users\程小睿\.m2\repository\org\ow2\asm\asm\9.1\asm-9.1.jar;C:\Users\程小睿\.m2\repository\jakarta\xml\bind\jakarta.xml.bind-api\2.3.3\jakarta.xml.bind-api-2.3.3.jar;C:\Users\程小睿\.m2\repository\jakarta\activation\jakarta.activation-api\1.2.2\jakarta.activation-api-1.2.2.jar;C:\Users\程小睿\.m2\repository\org\assertj\assertj-core\3.22.0\assertj-core-3.22.0.jar;C:\Users\程小睿\.m2\repository\org\hamcrest\hamcrest\2.2\hamcrest-2.2.jar;C:\Users\程小睿\.m2\repository\org\junit\jupiter\junit-jupiter\5.8.2\junit-jupiter-5.8.2.jar;C:\Users\程小睿\.m2\repository\org\junit\jupiter\junit-jupiter-api\5.8.2\junit-jupiter-api-5.8.2.jar;C:\Users\程小睿\.m2\repository\org\opentest4j\opentest4j\1.2.0\opentest4j-1.2.0.jar;C:\Users\程小睿\.m2\repository\org\junit\platform\junit-platform-commons\1.8.2\junit-platform-commons-1.8.2.jar;C:\Users\程小睿\.m2\repository\org\apiguardian\apiguardian-api\1.1.2\apiguardian-api-1.1.2.jar;C:\Users\程小睿\.m2\repository\org\junit\jupiter\junit-jupiter-params\5.8.2\junit-jupiter-params-5.8.2.jar;C:\Users\程小睿\.m2\repository\org\junit\jupiter\junit-jupiter-engine\5.8.2\junit-jupiter-engine-5.8.2.jar;C:\Users\程小睿\.m2\repository\org\junit\platform\junit-platform-engine\1.8.2\junit-platform-engine-1.8.2.jar;C:\Users\程小睿\.m2\repository\org\mockito\mockito-junit-jupiter\4.5.1\mockito-junit-jupiter-4.5.1.jar;C:\Users\程小睿\.m2\repository\org\skyscreamer\jsonassert\1.5.1\jsonassert-1.5.1.jar;C:\Users\程小睿\.m2\repository\com\vaadin\external\google\android-json\0.0.20131108.vaadin1\android-json-0.0.20131108.vaadin1.jar;C:\Users\程小睿\.m2\repository\org\springframework\spring-core\5.3.22\spring-core-5.3.22.jar;C:\Users\程小睿\.m2\repository\org\springframework\spring-jcl\5.3.22\spring-jcl-5.3.22.jar;C:\Users\程小睿\.m2\repository\org\springframework\spring-test\5.3.22\spring-test-5.3.22.jar;C:\Users\程小睿\.m2\repository\org\xmlunit\xmlunit-core\2.9.0\xmlunit-core-2.9.0.jar;C:\Users\程小睿\.m2\repository\org\apache\spark\spark-sql_2.12\3.0.0\spark-sql_2.12-3.0.0.jar;C:\Users\程小睿\.m2\repository\com\univocity\univocity-parsers\2.8.3\univocity-parsers-2.8.3.jar;C:\Users\程小睿\.m2\repository\org\apache\spark\spark-sketch_2.12\3.0.0\spark-sketch_2.12-3.0.0.jar;C:\Users\程小睿\.m2\repository\org\apache\spark\spark-catalyst_2.12\3.0.0\spark-catalyst_2.12-3.0.0.jar;C:\Users\程小睿\.m2\repository\org\scala-lang\modules\scala-parser-combinators_2.12\1.1.2\scala-parser-combinators_2.12-1.1.2.jar;C:\Users\程小睿\.m2\repository\org\antlr\antlr4-runtime\4.7.1\antlr4-runtime-4.7.1.jar;C:\Users\程小睿\.m2\repository\org\apache\arrow\arrow-vector\0.15.1\arrow-vector-0.15.1.jar;C:\Users\程小睿\.m2\repository\org\apache\arrow\arrow-format\0.15.1\arrow-format-0.15.1.jar;C:\Users\程小睿\.m2\repository\org\apache\arrow\arrow-memory\0.15.1\arrow-memory-0.15.1.jar;C:\Users\程小睿\.m2\repository\com\google\flatbuffers\flatbuffers-java\1.9.0\flatbuffers-java-1.9.0.jar;C:\Users\程小睿\.m2\repository\org\apache\spark\spark-tags_2.12\3.0.0\spark-tags_2.12-3.0.0.jar;C:\Users\程小睿\.m2\repository\org\apache\orc\orc-core\1.5.10\orc-core-1.5.10.jar;C:\Users\程小睿\.m2\repository\org\apache\orc\orc-shims\1.5.10\orc-shims-1.5.10.jar;C:\Users\程小睿\.m2\repository\io\airlift\aircompressor\0.10\aircompressor-0.10.jar;C:\Users\程小睿\.m2\repository\org\threeten\threeten-extra\1.5.0\threeten-extra-1.5.0.jar;C:\Users\程小睿\.m2\repository\org\apache\orc\orc-mapreduce\1.5.10\orc-mapreduce-1.5.10.jar;C:\Users\程小睿\.m2\repository\org\apache\hive\hive-storage-api\2.7.1\hive-storage-api-2.7.1.jar;C:\Users\程小睿\.m2\repository\org\apache\parquet\parquet-column\1.10.1\parquet-column-1.10.1.jar;C:\Users\程小睿\.m2\repository\org\apache\parquet\parquet-common\1.10.1\parquet-common-1.10.1.jar;C:\Users\程小睿\.m2\repository\org\apache\parquet\parquet-encoding\1.10.1\parquet-encoding-1.10.1.jar;C:\Users\程小睿\.m2\repository\org\apache\parquet\parquet-hadoop\1.10.1\parquet-hadoop-1.10.1.jar;C:\Users\程小睿\.m2\repository\org\apache\parquet\parquet-format\2.4.0\parquet-format-2.4.0.jar;C:\Users\程小睿\.m2\repository\org\apache\parquet\parquet-jackson\1.10.1\parquet-jackson-1.10.1.jar;C:\Users\程小睿\.m2\repository\org\codehaus\jackson\jackson-mapper-asl\1.9.13\jackson-mapper-asl-1.9.13.jar;C:\Users\程小睿\.m2\repository\org\codehaus\jackson\jackson-core-asl\1.9.13\jackson-core-asl-1.9.13.jar;C:\Users\程小睿\.m2\repository\com\fasterxml\jackson\core\jackson-databind\2.13.3\jackson-databind-2.13.3.jar;C:\Users\程小睿\.m2\repository\com\fasterxml\jackson\core\jackson-annotations\2.13.3\jackson-annotations-2.13.3.jar;C:\Users\程小睿\.m2\repository\com\fasterxml\jackson\core\jackson-core\2.13.3\jackson-core-2.13.3.jar;C:\Users\程小睿\.m2\repository\org\apache\xbean\xbean-asm7-shaded\4.15\xbean-asm7-shaded-4.15.jar;C:\Users\程小睿\.m2\repository\org\spark-project\spark\unused\1.0.0\unused-1.0.0.jar;C:\Users\程小睿\.m2\repository\org\apache\spark\spark-core_2.12\3.0.0\spark-core_2.12-3.0.0.jar;C:\Users\程小睿\.m2\repository\com\thoughtworks\paranamer\paranamer\2.8\paranamer-2.8.jar;C:\Users\程小睿\.m2\repository\org\apache\avro\avro\1.8.2\avro-1.8.2.jar;C:\Users\程小睿\.m2\repository\org\tukaani\xz\1.5\xz-1.5.jar;C:\Users\程小睿\.m2\repository\org\apache\avro\avro-mapred\1.8.2\avro-mapred-1.8.2-hadoop2.jar;C:\Users\程小睿\.m2\repository\org\apache\avro\avro-ipc\1.8.2\avro-ipc-1.8.2.jar;C:\Users\程小睿\.m2\repository\com\twitter\chill_2.12\0.9.5\chill_2.12-0.9.5.jar;C:\Users\程小睿\.m2\repository\com\esotericsoftware\kryo-shaded\4.0.2\kryo-shaded-4.0.2.jar;C:\Users\程小睿\.m2\repository\com\esotericsoftware\minlog\1.3.0\minlog-1.3.0.jar;C:\Users\程小睿\.m2\repository\com\twitter\chill-java\0.9.5\chill-java-0.9.5.jar;C:\Users\程小睿\.m2\repository\org\apache\spark\spark-launcher_2.12\3.0.0\spark-launcher_2.12-3.0.0.jar;C:\Users\程小睿\.m2\repository\org\apache\spark\spark-kvstore_2.12\3.0.0\spark-kvstore_2.12-3.0.0.jar;C:\Users\程小睿\.m2\repository\org\apache\spark\spark-network-common_2.12\3.0.0\spark-network-common_2.12-3.0.0.jar;C:\Users\程小睿\.m2\repository\org\apache\spark\spark-network-shuffle_2.12\3.0.0\spark-network-shuffle_2.12-3.0.0.jar;C:\Users\程小睿\.m2\repository\org\apache\spark\spark-unsafe_2.12\3.0.0\spark-unsafe_2.12-3.0.0.jar;C:\Users\程小睿\.m2\repository\javax\activation\activation\1.1.1\activation-1.1.1.jar;C:\Users\程小睿\.m2\repository\org\apache\curator\curator-recipes\2.7.1\curator-recipes-2.7.1.jar;C:\Users\程小睿\.m2\repository\org\apache\curator\curator-framework\2.7.1\curator-framework-2.7.1.jar;C:\Users\程小睿\.m2\repository\org\apache\zookeeper\zookeeper\3.4.14\zookeeper-3.4.14.jar;C:\Users\程小睿\.m2\repository\org\apache\yetus\audience-annotations\0.5.0\audience-annotations-0.5.0.jar;C:\Users\程小睿\.m2\repository\javax\servlet\javax.servlet-api\4.0.1\javax.servlet-api-4.0.1.jar;C:\Users\程小睿\.m2\repository\org\apache\commons\commons-lang3\3.12.0\commons-lang3-3.12.0.jar;C:\Users\程小睿\.m2\repository\org\apache\commons\commons-math3\3.4.1\commons-math3-3.4.1.jar;C:\Users\程小睿\.m2\repository\org\apache\commons\commons-text\1.6\commons-text-1.6.jar;C:\Users\程小睿\.m2\repository\com\google\code\findbugs\jsr305\3.0.0\jsr305-3.0.0.jar;C:\Users\程小睿\.m2\repository\org\slf4j\slf4j-api\1.7.36\slf4j-api-1.7.36.jar;C:\Users\程小睿\.m2\repository\org\slf4j\jul-to-slf4j\1.7.36\jul-to-slf4j-1.7.36.jar;C:\Users\程小睿\.m2\repository\org\slf4j\jcl-over-slf4j\1.7.36\jcl-over-slf4j-1.7.36.jar;C:\Users\程小睿\.m2\repository\log4j\log4j\1.2.17\log4j-1.2.17.jar;C:\Users\程小睿\.m2\repository\org\slf4j\slf4j-reload4j\1.7.36\slf4j-reload4j-1.7.36.jar;C:\Users\程小睿\.m2\repository\ch\qos\reload4j\reload4j\1.2.19\reload4j-1.2.19.jar;C:\Users\程小睿\.m2\repository\com\ning\compress-lzf\1.0.3\compress-lzf-1.0.3.jar;C:\Users\程小睿\.m2\repository\org\xerial\snappy\snappy-java\1.1.7.5\snappy-java-1.1.7.5.jar;C:\Users\程小睿\.m2\repository\org\lz4\lz4-java\1.7.1\lz4-java-1.7.1.jar;C:\Users\程小睿\.m2\repository\com\github\luben\zstd-jni\1.4.4-3\zstd-jni-1.4.4-3.jar;C:\Users\程小睿\.m2\repository\org\roaringbitmap\RoaringBitmap\0.7.45\RoaringBitmap-0.7.45.jar;C:\Users\程小睿\.m2\repository\org\roaringbitmap\shims\0.7.45\shims-0.7.45.jar;C:\Users\程小睿\.m2\repository\org\scala-lang\modules\scala-xml_2.12\1.2.0\scala-xml_2.12-1.2.0.jar;C:\Users\程小睿\.m2\repository\org\scala-lang\scala-library\2.12.10\scala-library-2.12.10.jar;C:\Users\程小睿\.m2\repository\org\scala-lang\scala-reflect\2.12.10\scala-reflect-2.12.10.jar;C:\Users\程小睿\.m2\repository\org\json4s\json4s-jackson_2.12\3.6.6\json4s-jackson_2.12-3.6.6.jar;C:\Users\程小睿\.m2\repository\org\json4s\json4s-core_2.12\3.6.6\json4s-core_2.12-3.6.6.jar;C:\Users\程小睿\.m2\repository\org\json4s\json4s-ast_2.12\3.6.6\json4s-ast_2.12-3.6.6.jar;C:\Users\程小睿\.m2\repository\org\json4s\json4s-scalap_2.12\3.6.6\json4s-scalap_2.12-3.6.6.jar;C:\Users\程小睿\.m2\repository\org\glassfish\jersey\core\jersey-client\2.35\jersey-client-2.35.jar;C:\Users\程小睿\.m2\repository\jakarta\ws\rs\jakarta.ws.rs-api\2.1.6\jakarta.ws.rs-api-2.1.6.jar;C:\Users\程小睿\.m2\repository\org\glassfish\hk2\external\jakarta.inject\2.6.1\jakarta.inject-2.6.1.jar;C:\Users\程小睿\.m2\repository\org\glassfish\jersey\core\jersey-common\2.35\jersey-common-2.35.jar;C:\Users\程小睿\.m2\repository\org\glassfish\hk2\osgi-resource-locator\1.0.3\osgi-resource-locator-1.0.3.jar;C:\Users\程小睿\.m2\repository\org\glassfish\jersey\core\jersey-server\2.35\jersey-server-2.35.jar;C:\Users\程小睿\.m2\repository\jakarta\validation\jakarta.validation-api\2.0.2\jakarta.validation-api-2.0.2.jar;C:\Users\程小睿\.m2\repository\org\glassfish\jersey\containers\jersey-container-servlet\2.35\jersey-container-servlet-2.35.jar;C:\Users\程小睿\.m2\repository\org\glassfish\jersey\containers\jersey-container-servlet-core\2.35\jersey-container-servlet-core-2.35.jar;C:\Users\程小睿\.m2\repository\org\glassfish\jersey\inject\jersey-hk2\2.35\jersey-hk2-2.35.jar;C:\Users\程小睿\.m2\repository\org\glassfish\hk2\hk2-locator\2.6.1\hk2-locator-2.6.1.jar;C:\Users\程小睿\.m2\repository\org\glassfish\hk2\external\aopalliance-repackaged\2.6.1\aopalliance-repackaged-2.6.1.jar;C:\Users\程小睿\.m2\repository\org\glassfish\hk2\hk2-api\2.6.1\hk2-api-2.6.1.jar;C:\Users\程小睿\.m2\repository\org\glassfish\hk2\hk2-utils\2.6.1\hk2-utils-2.6.1.jar;C:\Users\程小睿\.m2\repository\org\javassist\javassist\3.25.0-GA\javassist-3.25.0-GA.jar;C:\Users\程小睿\.m2\repository\io\netty\netty-all\4.1.79.Final\netty-all-4.1.79.Final.jar;C:\Users\程小睿\.m2\repository\io\netty\netty-buffer\4.1.79.Final\netty-buffer-4.1.79.Final.jar;C:\Users\程小睿\.m2\repository\io\netty\netty-codec\4.1.79.Final\netty-codec-4.1.79.Final.jar;C:\Users\程小睿\.m2\repository\io\netty\netty-codec-dns\4.1.79.Final\netty-codec-dns-4.1.79.Final.jar;C:\Users\程小睿\.m2\repository\io\netty\netty-codec-haproxy\4.1.79.Final\netty-codec-haproxy-4.1.79.Final.jar;C:\Users\程小睿\.m2\repository\io\netty\netty-codec-http\4.1.79.Final\netty-codec-http-4.1.79.Final.jar;C:\Users\程小睿\.m2\repository\io\netty\netty-codec-http2\4.1.79.Final\netty-codec-http2-4.1.79.Final.jar;C:\Users\程小睿\.m2\repository\io\netty\netty-codec-memcache\4.1.79.Final\netty-codec-memcache-4.1.79.Final.jar;C:\Users\程小睿\.m2\repository\io\netty\netty-codec-mqtt\4.1.79.Final\netty-codec-mqtt-4.1.79.Final.jar;C:\Users\程小睿\.m2\repository\io\netty\netty-codec-redis\4.1.79.Final\netty-codec-redis-4.1.79.Final.jar;C:\Users\程小睿\.m2\repository\io\netty\netty-codec-smtp\4.1.79.Final\netty-codec-smtp-4.1.79.Final.jar;C:\Users\程小睿\.m2\repository\io\netty\netty-codec-socks\4.1.79.Final\netty-codec-socks-4.1.79.Final.jar;C:\Users\程小睿\.m2\repository\io\netty\netty-codec-stomp\4.1.79.Final\netty-codec-stomp-4.1.79.Final.jar;C:\Users\程小睿\.m2\repository\io\netty\netty-codec-xml\4.1.79.Final\netty-codec-xml-4.1.79.Final.jar;C:\Users\程小睿\.m2\repository\io\netty\netty-common\4.1.79.Final\netty-common-4.1.79.Final.jar;C:\Users\程小睿\.m2\repository\io\netty\netty-handler\4.1.79.Final\netty-handler-4.1.79.Final.jar;C:\Users\程小睿\.m2\repository\io\netty\netty-transport-native-unix-common\4.1.79.Final\netty-transport-native-unix-common-4.1.79.Final.jar;C:\Users\程小睿\.m2\repository\io\netty\netty-handler-proxy\4.1.79.Final\netty-handler-proxy-4.1.79.Final.jar;C:\Users\程小睿\.m2\repository\io\netty\netty-resolver\4.1.79.Final\netty-resolver-4.1.79.Final.jar;C:\Users\程小睿\.m2\repository\io\netty\netty-resolver-dns\4.1.79.Final\netty-resolver-dns-4.1.79.Final.jar;C:\Users\程小睿\.m2\repository\io\netty\netty-transport\4.1.79.Final\netty-transport-4.1.79.Final.jar;C:\Users\程小睿\.m2\repository\io\netty\netty-transport-rxtx\4.1.79.Final\netty-transport-rxtx-4.1.79.Final.jar;C:\Users\程小睿\.m2\repository\io\netty\netty-transport-sctp\4.1.79.Final\netty-transport-sctp-4.1.79.Final.jar;C:\Users\程小睿\.m2\repository\io\netty\netty-transport-udt\4.1.79.Final\netty-transport-udt-4.1.79.Final.jar;C:\Users\程小睿\.m2\repository\io\netty\netty-transport-classes-epoll\4.1.79.Final\netty-transport-classes-epoll-4.1.79.Final.jar;C:\Users\程小睿\.m2\repository\io\netty\netty-transport-classes-kqueue\4.1.79.Final\netty-transport-classes-kqueue-4.1.79.Final.jar;C:\Users\程小睿\.m2\repository\io\netty\netty-resolver-dns-classes-macos\4.1.79.Final\netty-resolver-dns-classes-macos-4.1.79.Final.jar;C:\Users\程小睿\.m2\repository\io\netty\netty-transport-native-epoll\4.1.79.Final\netty-transport-native-epoll-4.1.79.Final-linux-x86_64.jar;C:\Users\程小睿\.m2\repository\io\netty\netty-transport-native-epoll\4.1.79.Final\netty-transport-native-epoll-4.1.79.Final-linux-aarch_64.jar;C:\Users\程小睿\.m2\repository\io\netty\netty-transport-native-kqueue\4.1.79.Final\netty-transport-native-kqueue-4.1.79.Final-osx-x86_64.jar;C:\Users\程小睿\.m2\repository\io\netty\netty-transport-native-kqueue\4.1.79.Final\netty-transport-native-kqueue-4.1.79.Final-osx-aarch_64.jar;C:\Users\程小睿\.m2\repository\io\netty\netty-resolver-dns-native-macos\4.1.79.Final\netty-resolver-dns-native-macos-4.1.79.Final-osx-x86_64.jar;C:\Users\程小睿\.m2\repository\io\netty\netty-resolver-dns-native-macos\4.1.79.Final\netty-resolver-dns-native-macos-4.1.79.Final-osx-aarch_64.jar;C:\Users\程小睿\.m2\repository\com\clearspring\analytics\stream\2.9.6\stream-2.9.6.jar;C:\Users\程小睿\.m2\repository\io\dropwizard\metrics\metrics-core\4.2.11\metrics-core-4.2.11.jar;C:\Users\程小睿\.m2\repository\io\dropwizard\metrics\metrics-jvm\4.2.11\metrics-jvm-4.2.11.jar;C:\Users\程小睿\.m2\repository\io\dropwizard\metrics\metrics-json\4.2.11\metrics-json-4.2.11.jar;C:\Users\程小睿\.m2\repository\io\dropwizard\metrics\metrics-graphite\4.2.11\metrics-graphite-4.2.11.jar;C:\Users\程小睿\.m2\repository\io\dropwizard\metrics\metrics-jmx\4.2.11\metrics-jmx-4.2.11.jar;C:\Users\程小睿\.m2\repository\com\fasterxml\jackson\module\jackson-module-scala_2.12\2.13.3\jackson-module-scala_2.12-2.13.3.jar;C:\Users\程小睿\.m2\repository\org\apache\ivy\ivy\2.4.0\ivy-2.4.0.jar;C:\Users\程小睿\.m2\repository\oro\oro\2.0.8\oro-2.0.8.jar;C:\Users\程小睿\.m2\repository\net\razorvine\pyrolite\4.30\pyrolite-4.30.jar;C:\Users\程小睿\.m2\repository\net\sf\py4j\py4j\0.10.9\py4j-0.10.9.jar;C:\Users\程小睿\.m2\repository\org\apache\commons\commons-crypto\1.0.0\commons-crypto-1.0.0.jar;C:\Users\程小睿\.m2\repository\org\springframework\boot\spring-boot-starter-tomcat\2.7.3\spring-boot-starter-tomcat-2.7.3.jar;C:\Users\程小睿\.m2\repository\jakarta\annotation\jakarta.annotation-api\1.3.5\jakarta.annotation-api-1.3.5.jar;C:\Users\程小睿\.m2\repository\org\apache\tomcat\embed\tomcat-embed-core\9.0.65\tomcat-embed-core-9.0.65.jar;C:\Users\程小睿\.m2\repository\org\apache\tomcat\embed\tomcat-embed-el\9.0.65\tomcat-embed-el-9.0.65.jar;C:\Users\程小睿\.m2\repository\org\apache\tomcat\embed\tomcat-embed-websocket\9.0.65\tomcat-embed-websocket-9.0.65.jar;C:\Users\程小睿\.m2\repository\com\alibaba\fastjson\1.2.44\fastjson-1.2.44.jar;C:\Users\程小睿\.m2\repository\org\bouncycastle\bcprov-jdk15on\1.57\bcprov-jdk15on-1.57.jar;C:\Users\程小睿\.m2\repository\commons-codec\commons-codec\1.15\commons-codec-1.15.jar;C:\Users\程小睿\.m2\repository\commons-lang\commons-lang\2.6\commons-lang-2.6.jar;C:\Users\程小睿\.m2\repository\org\springframework\boot\spring-boot-starter-data-redis\2.6.2\spring-boot-starter-data-redis-2.6.2.jar;C:\Users\程小睿\.m2\repository\org\springframework\data\spring-data-redis\2.7.2\spring-data-redis-2.7.2.jar;C:\Users\程小睿\.m2\repository\org\springframework\data\spring-data-keyvalue\2.7.2\spring-data-keyvalue-2.7.2.jar;C:\Users\程小睿\.m2\repository\org\springframework\data\spring-data-commons\2.7.2\spring-data-commons-2.7.2.jar;C:\Users\程小睿\.m2\repository\org\springframework\spring-tx\5.3.22\spring-tx-5.3.22.jar;C:\Users\程小睿\.m2\repository\org\springframework\spring-oxm\5.3.22\spring-oxm-5.3.22.jar;C:\Users\程小睿\.m2\repository\org\springframework\spring-context-support\5.3.22\spring-context-support-5.3.22.jar;C:\Users\程小睿\.m2\repository\io\lettuce\lettuce-core\6.1.9.RELEASE\lettuce-core-6.1.9.RELEASE.jar;C:\Users\程小睿\.m2\repository\io\projectreactor\reactor-core\3.4.22\reactor-core-3.4.22.jar;C:\Users\程小睿\.m2\repository\org\reactivestreams\reactive-streams\1.0.4\reactive-streams-1.0.4.jar;C:\Users\程小睿\.m2\repository\org\projectlombok\lombok\1.18.8\lombok-1.18.8.jar;C:\Users\程小睿\.m2\repository\org\mockito\mockito-core\4.5.1\mockito-core-4.5.1.jar;C:\Users\程小睿\.m2\repository\net\bytebuddy\byte-buddy\1.12.13\byte-buddy-1.12.13.jar;C:\Users\程小睿\.m2\repository\net\bytebuddy\byte-buddy-agent\1.12.13\byte-buddy-agent-1.12.13.jar;C:\Users\程小睿\.m2\repository\org\objenesis\objenesis\3.2\objenesis-3.2.jar;C:\Users\程小睿\.m2\repository\org\springframework\boot\spring-boot-starter-jdbc\2.7.3\spring-boot-starter-jdbc-2.7.3.jar;C:\Users\程小睿\.m2\repository\com\zaxxer\HikariCP\4.0.3\HikariCP-4.0.3.jar;C:\Users\程小睿\.m2\repository\org\springframework\spring-jdbc\5.3.22\spring-jdbc-5.3.22.jar;C:\Users\程小睿\.m2\repository\org\apache\hadoop\hadoop-common\3.1.1\hadoop-common-3.1.1.jar;C:\Users\程小睿\.m2\repository\org\apache\hadoop\hadoop-annotations\3.1.1\hadoop-annotations-3.1.1.jar;D:\Java\jdk1.8.0_281\jre\..\lib\tools.jar;C:\Users\程小睿\.m2\repository\com\google\guava\guava\11.0.2\guava-11.0.2.jar;C:\Users\程小睿\.m2\repository\commons-cli\commons-cli\1.2\commons-cli-1.2.jar;C:\Users\程小睿\.m2\repository\org\apache\httpcomponents\httpclient\4.5.13\httpclient-4.5.13.jar;C:\Users\程小睿\.m2\repository\org\apache\httpcomponents\httpcore\4.4.15\httpcore-4.4.15.jar;C:\Users\程小睿\.m2\repository\commons-collections\commons-collections\3.2.2\commons-collections-3.2.2.jar;C:\Users\程小睿\.m2\repository\org\eclipse\jetty\jetty-server\9.4.48.v20220622\jetty-server-9.4.48.v20220622.jar;C:\Users\程小睿\.m2\repository\org\eclipse\jetty\jetty-http\9.4.48.v20220622\jetty-http-9.4.48.v20220622.jar;C:\Users\程小睿\.m2\repository\org\eclipse\jetty\jetty-io\9.4.48.v20220622\jetty-io-9.4.48.v20220622.jar;C:\Users\程小睿\.m2\repository\org\eclipse\jetty\jetty-util\9.4.48.v20220622\jetty-util-9.4.48.v20220622.jar;C:\Users\程小睿\.m2\repository\org\eclipse\jetty\jetty-servlet\9.4.48.v20220622\jetty-servlet-9.4.48.v20220622.jar;C:\Users\程小睿\.m2\repository\org\eclipse\jetty\jetty-security\9.4.48.v20220622\jetty-security-9.4.48.v20220622.jar;C:\Users\程小睿\.m2\repository\org\eclipse\jetty\jetty-webapp\9.4.48.v20220622\jetty-webapp-9.4.48.v20220622.jar;C:\Users\程小睿\.m2\repository\org\eclipse\jetty\jetty-xml\9.4.48.v20220622\jetty-xml-9.4.48.v20220622.jar;C:\Users\程小睿\.m2\repository\javax\servlet\jsp\jsp-api\2.1\jsp-api-2.1.jar;C:\Users\程小睿\.m2\repository\com\sun\jersey\jersey-core\1.19\jersey-core-1.19.jar;C:\Users\程小睿\.m2\repository\javax\ws\rs\jsr311-api\1.1.1\jsr311-api-1.1.1.jar;C:\Users\程小睿\.m2\repository\com\sun\jersey\jersey-servlet\1.19\jersey-servlet-1.19.jar;C:\Users\程小睿\.m2\repository\com\sun\jersey\jersey-json\1.19\jersey-json-1.19.jar;C:\Users\程小睿\.m2\repository\org\codehaus\jettison\jettison\1.1\jettison-1.1.jar;C:\Users\程小睿\.m2\repository\com\sun\xml\bind\jaxb-impl\2.2.3-1\jaxb-impl-2.2.3-1.jar;C:\Users\程小睿\.m2\repository\org\codehaus\jackson\jackson-jaxrs\1.9.2\jackson-jaxrs-1.9.2.jar;C:\Users\程小睿\.m2\repository\org\codehaus\jackson\jackson-xc\1.9.2\jackson-xc-1.9.2.jar;C:\Users\程小睿\.m2\repository\com\sun\jersey\jersey-server\1.19\jersey-server-1.19.jar;C:\Users\程小睿\.m2\repository\commons-logging\commons-logging\1.1.3\commons-logging-1.1.3.jar;C:\Users\程小睿\.m2\repository\org\apache\commons\commons-configuration2\2.1.1\commons-configuration2-2.1.1.jar;C:\Users\程小睿\.m2\repository\com\google\re2j\re2j\1.1\re2j-1.1.jar;C:\Users\程小睿\.m2\repository\com\google\protobuf\protobuf-java\2.5.0\protobuf-java-2.5.0.jar;C:\Users\程小睿\.m2\repository\com\google\code\gson\gson\2.9.1\gson-2.9.1.jar;C:\Users\程小睿\.m2\repository\org\apache\hadoop\hadoop-auth\3.1.1\hadoop-auth-3.1.1.jar;C:\Users\程小睿\.m2\repository\com\nimbusds\nimbus-jose-jwt\4.41.1\nimbus-jose-jwt-4.41.1.jar;C:\Users\程小睿\.m2\repository\com\github\stephenc\jcip\jcip-annotations\1.0-1\jcip-annotations-1.0-1.jar;C:\Users\程小睿\.m2\repository\org\apache\curator\curator-client\2.12.0\curator-client-2.12.0.jar;C:\Users\程小睿\.m2\repository\org\apache\htrace\htrace-core4\4.1.0-incubating\htrace-core4-4.1.0-incubating.jar;C:\Users\程小睿\.m2\repository\org\apache\commons\commons-compress\1.4.1\commons-compress-1.4.1.jar;C:\Users\程小睿\.m2\repository\org\apache\kerby\kerb-simplekdc\1.0.1\kerb-simplekdc-1.0.1.jar;C:\Users\程小睿\.m2\repository\org\apache\kerby\kerb-client\1.0.1\kerb-client-1.0.1.jar;C:\Users\程小睿\.m2\repository\org\apache\kerby\kerby-config\1.0.1\kerby-config-1.0.1.jar;C:\Users\程小睿\.m2\repository\org\apache\kerby\kerb-core\1.0.1\kerb-core-1.0.1.jar;C:\Users\程小睿\.m2\repository\org\apache\kerby\kerby-pkix\1.0.1\kerby-pkix-1.0.1.jar;C:\Users\程小睿\.m2\repository\org\apache\kerby\kerby-asn1\1.0.1\kerby-asn1-1.0.1.jar;C:\Users\程小睿\.m2\repository\org\apache\kerby\kerby-util\1.0.1\kerby-util-1.0.1.jar;C:\Users\程小睿\.m2\repository\org\apache\kerby\kerb-common\1.0.1\kerb-common-1.0.1.jar;C:\Users\程小睿\.m2\repository\org\apache\kerby\kerb-crypto\1.0.1\kerb-crypto-1.0.1.jar;C:\Users\程小睿\.m2\repository\org\apache\kerby\kerb-util\1.0.1\kerb-util-1.0.1.jar;C:\Users\程小睿\.m2\repository\org\apache\kerby\token-provider\1.0.1\token-provider-1.0.1.jar;C:\Users\程小睿\.m2\repository\org\apache\kerby\kerb-admin\1.0.1\kerb-admin-1.0.1.jar;C:\Users\程小睿\.m2\repository\org\apache\kerby\kerb-server\1.0.1\kerb-server-1.0.1.jar;C:\Users\程小睿\.m2\repository\org\apache\kerby\kerb-identity\1.0.1\kerb-identity-1.0.1.jar;C:\Users\程小睿\.m2\repository\org\apache\kerby\kerby-xdr\1.0.1\kerby-xdr-1.0.1.jar;C:\Users\程小睿\.m2\repository\org\codehaus\woodstox\stax2-api\3.1.4\stax2-api-3.1.4.jar;C:\Users\程小睿\.m2\repository\com\fasterxml\woodstox\woodstox-core\5.0.3\woodstox-core-5.0.3.jar;C:\Users\程小睿\.m2\repository\org\apache\hadoop\hadoop-hdfs\3.1.1\hadoop-hdfs-3.1.1.jar;C:\Users\程小睿\.m2\repository\org\eclipse\jetty\jetty-util-ajax\9.4.48.v20220622\jetty-util-ajax-9.4.48.v20220622.jar;C:\Users\程小睿\.m2\repository\commons-daemon\commons-daemon\1.0.13\commons-daemon-1.0.13.jar;C:\Users\程小睿\.m2\repository\io\netty\netty\3.10.5.Final\netty-3.10.5.Final.jar;C:\Users\程小睿\.m2\repository\org\fusesource\leveldbjni\leveldbjni-all\1.8\leveldbjni-all-1.8.jar;C:\Users\程小睿\.m2\repository\org\apache\hadoop\hadoop-client\3.1.1\hadoop-client-3.1.1.jar;C:\Users\程小睿\.m2\repository\org\apache\hadoop\hadoop-hdfs-client\3.1.1\hadoop-hdfs-client-3.1.1.jar;C:\Users\程小睿\.m2\repository\com\squareup\okhttp\okhttp\2.7.5\okhttp-2.7.5.jar;C:\Users\程小睿\.m2\repository\com\squareup\okio\okio\1.6.0\okio-1.6.0.jar;C:\Users\程小睿\.m2\repository\org\apache\hadoop\hadoop-yarn-api\3.1.1\hadoop-yarn-api-3.1.1.jar;C:\Users\程小睿\.m2\repository\javax\xml\bind\jaxb-api\2.3.1\jaxb-api-2.3.1.jar;C:\Users\程小睿\.m2\repository\javax\activation\javax.activation-api\1.2.0\javax.activation-api-1.2.0.jar;C:\Users\程小睿\.m2\repository\org\apache\hadoop\hadoop-yarn-client\3.1.1\hadoop-yarn-client-3.1.1.jar;C:\Users\程小睿\.m2\repository\org\apache\hadoop\hadoop-mapreduce-client-core\3.1.1\hadoop-mapreduce-client-core-3.1.1.jar;C:\Users\程小睿\.m2\repository\org\apache\hadoop\hadoop-yarn-common\3.1.1\hadoop-yarn-common-3.1.1.jar;C:\Users\程小睿\.m2\repository\com\sun\jersey\jersey-client\1.19\jersey-client-1.19.jar;C:\Users\程小睿\.m2\repository\com\fasterxml\jackson\module\jackson-module-jaxb-annotations\2.13.3\jackson-module-jaxb-annotations-2.13.3.jar;C:\Users\程小睿\.m2\repository\com\fasterxml\jackson\jaxrs\jackson-jaxrs-json-provider\2.13.3\jackson-jaxrs-json-provider-2.13.3.jar;C:\Users\程小睿\.m2\repository\com\fasterxml\jackson\jaxrs\jackson-jaxrs-base\2.13.3\jackson-jaxrs-base-2.13.3.jar;C:\Users\程小睿\.m2\repository\org\apache\hadoop\hadoop-mapreduce-client-jobclient\3.1.1\hadoop-mapreduce-client-jobclient-3.1.1.jar;C:\Users\程小睿\.m2\repository\org\apache\hadoop\hadoop-mapreduce-client-common\3.1.1\hadoop-mapreduce-client-common-3.1.1.jar;C:\Users\程小睿\.m2\repository\com\github\pagehelper\pagehelper-spring-boot-starter\1.3.0\pagehelper-spring-boot-starter-1.3.0.jar;C:\Users\程小睿\.m2\repository\com\github\pagehelper\pagehelper-spring-boot-autoconfigure\1.3.0\pagehelper-spring-boot-autoconfigure-1.3.0.jar;C:\Users\程小睿\.m2\repository\com\github\pagehelper\pagehelper\5.2.0\pagehelper-5.2.0.jar;C:\Users\程小睿\.m2\repository\com\github\jsqlparser\jsqlparser\3.2\jsqlparser-3.2.jar;C:\Users\程小睿\.m2\repository\org\codehaus\janino\janino\3.0.8\janino-3.0.8.jar;C:\Users\程小睿\.m2\repository\org\codehaus\janino\commons-compiler\3.1.7\commons-compiler-3.1.7.jar;C:\Users\程小睿\.m2\repository\commons-net\commons-net\3.1\commons-net-3.1.jar;"/>
    <property name="sun.cpu.endian" value="little"/>
    <property name="user.home" value="C:\Users\程小睿"/>
    <property name="user.language" value="zh"/>
    <property name="java.specification.vendor" value="Oracle Corporation"/>
    <property name="java.home" value="D:\Java\jdk1.8.0_281\jre"/>
    <property name="basedir" value="D:\Competition\douban_game"/>
    <property name="file.separator" value="\"/>
    <property name="line.separator" value="&#10;"/>
    <property name="java.vm.specification.vendor" value="Oracle Corporation"/>
    <property name="java.specification.name" value="Java Platform API Specification"/>
    <property name="java.awt.graphicsenv" value="sun.awt.Win32GraphicsEnvironment"/>
    <property name="surefire.real.class.path" value="C:\Users\程小睿\AppData\Local\Temp\surefire1764273998502849687\surefirebooter4865366597567320988.jar"/>
    <property name="sun.boot.class.path" value="D:\Java\jdk1.8.0_281\jre\lib\resources.jar;D:\Java\jdk1.8.0_281\jre\lib\rt.jar;D:\Java\jdk1.8.0_281\jre\lib\sunrsasign.jar;D:\Java\jdk1.8.0_281\jre\lib\jsse.jar;D:\Java\jdk1.8.0_281\jre\lib\jce.jar;D:\Java\jdk1.8.0_281\jre\lib\charsets.jar;D:\Java\jdk1.8.0_281\jre\lib\jfr.jar;D:\Java\jdk1.8.0_281\jre\classes"/>
    <property name="user.script" value=""/>
    <property name="sun.management.compiler" value="HotSpot 64-Bit Tiered Compilers"/>
    <property name="java.runtime.version" value="1.8.0_281-b09"/>
    <property name="user.name" value="程小睿"/>
    <property name="path.separator" value=";"/>
    <property name="os.version" value="10.0"/>
    <property name="java.endorsed.dirs" value="D:\Java\jdk1.8.0_281\jre\lib\endorsed"/>
    <property name="java.runtime.name" value="Java(TM) SE Runtime Environment"/>
    <property name="file.encoding" value="GBK"/>
    <property name="java.vm.name" value="Java HotSpot(TM) 64-Bit Server VM"/>
    <property name="idea.version2020.1" value="true"/>
    <property name="localRepository" value="C:\Users\程小睿\.m2\repository"/>
    <property name="java.vendor.url.bug" value="http://bugreport.sun.com/bugreport/"/>
    <property name="java.io.tmpdir" value="C:\Users\程小睿\AppData\Local\Temp\"/>
    <property name="java.version" value="1.8.0_281"/>
    <property name="user.dir" value="D:\Competition\douban_game"/>
    <property name="os.arch" value="amd64"/>
    <property name="java.vm.specification.name" value="Java Virtual Machine Specification"/>
    <property name="java.awt.printerjob" value="sun.awt.windows.WPrinterJob"/>
    <property name="sun.os.patch.level" value=""/>
    <property name="java.library.path" value="D:\Java\jdk1.8.0_281\jre\bin;C:\Windows\Sun\Java\bin;C:\Windows\system32;C:\Windows;C:\Windows\system32;C:\Windows;C:\Windows\System32\Wbem;C:\Windows\System32\WindowsPowerShell\v1.0\;C:\Windows\System32\OpenSSH\;C:\Program Files (x86)\NVIDIA Corporation\PhysX\Common;C:\Program Files\NVIDIA Corporation\NVIDIA NvDLISR;D:\Java\jdk1.8.0_281\bin;D:\apache-maven-3.6.3\bin;D:\Java\jdk1.8.0_281\jre\bin;D:\tomcat\apache-tomcat-9.0.62;D:\hadoop\hadoop-2.7.0\bin\winutils.exe;\bin;D:\微信web开发者工具\dll;C:\Pro;ram Files\Google\Chrome\Application;D:\anaconda;D:\scala\scala-2.11.8\bin;D:\专综2\Git\cmd;D:\专综2\Git\bin;D:\Microsoft VS Code\bin;D:\hadoop\hadoop-2.7.0\bin;D:\专综2\前端\nodejs\;D:\专综2\前端\nodejs\node_global;D:\anaconda;D:\anaconda\Library\mingw-w64\bin;D:\anaconda\Library\usr\bin;D:\anaconda\Library\bin;D:\anaconda\Scripts;D:\PyCharm Community Edition 2022.1.1\bin;;C:\Users\程小睿\AppData\Roaming\npm;."/>
    <property name="java.vm.info" value="mixed mode"/>
    <property name="java.vendor" value="Oracle Corporation"/>
    <property name="java.vm.version" value="25.281-b09"/>
    <property name="java.ext.dirs" value="D:\Java\jdk1.8.0_281\jre\lib\ext;C:\Windows\Sun\Java\lib\ext"/>
    <property name="sun.io.unicode.encoding" value="UnicodeLittle"/>
    <property name="java.class.version" value="52.0"/>
  </properties>
  <testcase name="contextLoads" classname="com.example.douban_game.DoubanGameApplicationTests" time="0.229"/>
</testsuite>